{"/Users/juliuskoronci/WebstormProjects/javascript-clean-code/build/examples/nested-loops/code-lists/car-data.js": {"path":"/Users/juliuskoronci/WebstormProjects/javascript-clean-code/build/examples/nested-loops/code-lists/car-data.js","statementMap":{"0":{"start":{"line":3,"column":0},"end":{"line":5,"column":3}},"1":{"start":{"line":6,"column":15},"end":{"line":20,"column":2}},"2":{"start":{"line":22,"column":22},"end":{"line":36,"column":2}},"3":{"start":{"line":38,"column":22},"end":{"line":47,"column":2}},"4":{"start":{"line":48,"column":30},"end":{"line":57,"column":2}},"5":{"start":{"line":59,"column":12},"end":{"line":59,"column":56}},"6":{"start":{"line":61,"column":10},"end":{"line":68,"column":1}},"7":{"start":{"line":69,"column":17},"end":{"line":71,"column":1}},"8":{"start":{"line":72,"column":17},"end":{"line":79,"column":1}}},"fnMap":{},"branchMap":{},"s":{"0":1,"1":1,"2":1,"3":1,"4":1,"5":1,"6":1,"7":1,"8":1},"f":{},"b":{},"_coverageSchema":"332fd63041d2c1bcb487cc26dd0d5f7d97098a6c","hash":"ac0004f83337b65e479b56219c3fd4b09e7a2458"}
,"/Users/juliuskoronci/WebstormProjects/javascript-clean-code/build/examples/nested-loops/utils/car-utils.js": {"path":"/Users/juliuskoronci/WebstormProjects/javascript-clean-code/build/examples/nested-loops/utils/car-utils.js","statementMap":{"0":{"start":{"line":3,"column":0},"end":{"line":5,"column":3}},"1":{"start":{"line":7,"column":15},"end":{"line":7,"column":256}},"2":{"start":{"line":7,"column":52},"end":{"line":7,"column":239}},"3":{"start":{"line":7,"column":110},"end":{"line":7,"column":122}},"4":{"start":{"line":7,"column":124},"end":{"line":7,"column":237}},"5":{"start":{"line":7,"column":150},"end":{"line":7,"column":235}},"6":{"start":{"line":7,"column":207},"end":{"line":7,"column":233}},"7":{"start":{"line":7,"column":240},"end":{"line":7,"column":254}},"8":{"start":{"line":9,"column":26},"end":{"line":13,"column":1}},"9":{"start":{"line":10,"column":2},"end":{"line":12,"column":4}},"10":{"start":{"line":11,"column":4},"end":{"line":11,"column":62}},"11":{"start":{"line":14,"column":23},"end":{"line":14,"column":76}},"12":{"start":{"line":16,"column":21},"end":{"line":25,"column":1}},"13":{"start":{"line":17,"column":2},"end":{"line":24,"column":4}},"14":{"start":{"line":19,"column":4},"end":{"line":21,"column":5}},"15":{"start":{"line":20,"column":6},"end":{"line":20,"column":17}},"16":{"start":{"line":23,"column":4},"end":{"line":23,"column":67}},"17":{"start":{"line":27,"column":28},"end":{"line":27,"column":92}},"18":{"start":{"line":38,"column":21},"end":{"line":40,"column":1}},"19":{"start":{"line":39,"column":2},"end":{"line":39,"column":28}}},"fnMap":{"0":{"name":"(anonymous_0)","decl":{"start":{"line":7,"column":32},"end":{"line":7,"column":33}},"loc":{"start":{"line":7,"column":50},"end":{"line":7,"column":256}},"line":7},"1":{"name":"appendStringToColor","decl":{"start":{"line":9,"column":65},"end":{"line":9,"column":84}},"loc":{"start":{"line":9,"column":93},"end":{"line":13,"column":1}},"line":9},"2":{"name":"(anonymous_2)","decl":{"start":{"line":10,"column":9},"end":{"line":10,"column":10}},"loc":{"start":{"line":10,"column":26},"end":{"line":12,"column":3}},"line":10},"3":{"name":"updateCarColor","decl":{"start":{"line":16,"column":55},"end":{"line":16,"column":69}},"loc":{"start":{"line":16,"column":80},"end":{"line":25,"column":1}},"line":16},"4":{"name":"(anonymous_4)","decl":{"start":{"line":17,"column":9},"end":{"line":17,"column":10}},"loc":{"start":{"line":17,"column":24},"end":{"line":24,"column":3}},"line":17},"5":{"name":"getUpdatedCars","decl":{"start":{"line":38,"column":55},"end":{"line":38,"column":69}},"loc":{"start":{"line":38,"column":86},"end":{"line":40,"column":1}},"line":38}},"branchMap":{"0":{"loc":{"start":{"line":7,"column":15},"end":{"line":7,"column":256}},"type":"binary-expr","locations":[{"start":{"line":7,"column":15},"end":{"line":7,"column":28}},{"start":{"line":7,"column":32},"end":{"line":7,"column":256}}],"line":7},"1":{"loc":{"start":{"line":7,"column":150},"end":{"line":7,"column":235}},"type":"if","locations":[{"start":{"line":7,"column":150},"end":{"line":7,"column":235}},{"start":{"line":7,"column":150},"end":{"line":7,"column":235}}],"line":7},"2":{"loc":{"start":{"line":11,"column":20},"end":{"line":11,"column":43}},"type":"cond-expr","locations":[{"start":{"line":11,"column":28},"end":{"line":11,"column":38}},{"start":{"line":11,"column":41},"end":{"line":11,"column":43}}],"line":11},"3":{"loc":{"start":{"line":19,"column":4},"end":{"line":21,"column":5}},"type":"if","locations":[{"start":{"line":19,"column":4},"end":{"line":21,"column":5}},{"start":{"line":19,"column":4},"end":{"line":21,"column":5}}],"line":19},"4":{"loc":{"start":{"line":19,"column":8},"end":{"line":19,"column":27}},"type":"binary-expr","locations":[{"start":{"line":19,"column":8},"end":{"line":19,"column":12}},{"start":{"line":19,"column":16},"end":{"line":19,"column":27}}],"line":19}},"s":{"0":1,"1":1,"2":0,"3":0,"4":0,"5":0,"6":0,"7":0,"8":1,"9":3,"10":13,"11":1,"12":1,"13":3,"14":7,"15":2,"16":5,"17":1,"18":1,"19":2},"f":{"0":0,"1":3,"2":13,"3":3,"4":7,"5":2},"b":{"0":[1,0],"1":[0,0],"2":[12,1],"3":[2,5],"4":[7,7]},"_coverageSchema":"332fd63041d2c1bcb487cc26dd0d5f7d97098a6c","hash":"f0c8a8dc93e089d349bbc4babdc2ede8f43af43d"}
,"/Users/juliuskoronci/WebstormProjects/javascript-clean-code/lib/examples/nested-loops/code-lists/car-data.js": {"path":"/Users/juliuskoronci/WebstormProjects/javascript-clean-code/lib/examples/nested-loops/code-lists/car-data.js","statementMap":{"0":{"start":{"line":1,"column":24},"end":{"line":24,"column":1}},"1":{"start":{"line":26,"column":31},"end":{"line":49,"column":1}},"2":{"start":{"line":52,"column":31},"end":{"line":67,"column":1}},"3":{"start":{"line":68,"column":39},"end":{"line":83,"column":1}},"4":{"start":{"line":85,"column":21},"end":{"line":85,"column":49}},"5":{"start":{"line":87,"column":19},"end":{"line":97,"column":1}},"6":{"start":{"line":98,"column":26},"end":{"line":100,"column":1}},"7":{"start":{"line":101,"column":26},"end":{"line":111,"column":1}}},"fnMap":{},"branchMap":{},"s":{"0":1,"1":1,"2":1,"3":1,"4":1,"5":1,"6":1,"7":1},"f":{},"b":{},"_coverageSchema":"332fd63041d2c1bcb487cc26dd0d5f7d97098a6c","hash":"dde6555c871147cf14572753902f5cda67449463"}
,"/Users/juliuskoronci/WebstormProjects/javascript-clean-code/lib/examples/nested-loops/utils/car-utils.js": {"path":"/Users/juliuskoronci/WebstormProjects/javascript-clean-code/lib/examples/nested-loops/utils/car-utils.js","statementMap":{"0":{"start":{"line":4,"column":35},"end":{"line":4,"column":130}},"1":{"start":{"line":4,"column":55},"end":{"line":4,"column":130}},"2":{"start":{"line":4,"column":81},"end":{"line":4,"column":129}},"3":{"start":{"line":5,"column":57},"end":{"line":5,"column":83}},"4":{"start":{"line":7,"column":30},"end":{"line":14,"column":1}},"5":{"start":{"line":7,"column":69},"end":{"line":14,"column":1}},"6":{"start":{"line":9,"column":2},"end":{"line":11,"column":3}},"7":{"start":{"line":10,"column":4},"end":{"line":10,"column":15}},"8":{"start":{"line":13,"column":2},"end":{"line":13,"column":54}},"9":{"start":{"line":16,"column":56},"end":{"line":16,"column":88}},"10":{"start":{"line":28,"column":30},"end":{"line":28,"column":99}},"11":{"start":{"line":28,"column":81},"end":{"line":28,"column":99}}},"fnMap":{"0":{"name":"(anonymous_0)","decl":{"start":{"line":4,"column":35},"end":{"line":4,"column":36}},"loc":{"start":{"line":4,"column":55},"end":{"line":4,"column":130}},"line":4},"1":{"name":"(anonymous_1)","decl":{"start":{"line":4,"column":55},"end":{"line":4,"column":56}},"loc":{"start":{"line":4,"column":81},"end":{"line":4,"column":129}},"line":4},"2":{"name":"(anonymous_2)","decl":{"start":{"line":7,"column":30},"end":{"line":7,"column":31}},"loc":{"start":{"line":7,"column":69},"end":{"line":14,"column":1}},"line":7},"3":{"name":"(anonymous_3)","decl":{"start":{"line":7,"column":69},"end":{"line":7,"column":70}},"loc":{"start":{"line":7,"column":88},"end":{"line":14,"column":1}},"line":7},"4":{"name":"(anonymous_4)","decl":{"start":{"line":28,"column":30},"end":{"line":28,"column":31}},"loc":{"start":{"line":28,"column":81},"end":{"line":28,"column":99}},"line":28}},"branchMap":{"0":{"loc":{"start":{"line":4,"column":92},"end":{"line":4,"column":115}},"type":"cond-expr","locations":[{"start":{"line":4,"column":100},"end":{"line":4,"column":110}},{"start":{"line":4,"column":113},"end":{"line":4,"column":115}}],"line":4},"1":{"loc":{"start":{"line":9,"column":2},"end":{"line":11,"column":3}},"type":"if","locations":[{"start":{"line":9,"column":2},"end":{"line":11,"column":3}},{"start":{"line":9,"column":2},"end":{"line":11,"column":3}}],"line":9},"2":{"loc":{"start":{"line":9,"column":6},"end":{"line":9,"column":25}},"type":"binary-expr","locations":[{"start":{"line":9,"column":6},"end":{"line":9,"column":10}},{"start":{"line":9,"column":14},"end":{"line":9,"column":25}}],"line":9}},"s":{"0":1,"1":3,"2":13,"3":1,"4":1,"5":3,"6":7,"7":2,"8":5,"9":1,"10":1,"11":2},"f":{"0":3,"1":13,"2":3,"3":7,"4":2},"b":{"0":[12,1],"1":[2,5],"2":[7,7]},"_coverageSchema":"332fd63041d2c1bcb487cc26dd0d5f7d97098a6c","hash":"c75700240253b461012e84523f67c03eb9bc4592"}
}
