TN:
SF:/Users/juliuskoronci/WebstormProjects/javascript-clean-code/build/examples/nested-loops/code-lists/car-data.js
FNF:0
FNH:0
DA:3,1
DA:6,1
DA:22,1
DA:38,1
DA:48,1
DA:59,1
DA:61,1
DA:69,1
DA:72,1
LF:9
LH:9
BRF:0
BRH:0
end_of_record
TN:
SF:/Users/juliuskoronci/WebstormProjects/javascript-clean-code/build/examples/nested-loops/utils/car-utils.js
FN:7,(anonymous_0)
FN:9,appendStringToColor
FN:10,(anonymous_2)
FN:16,updateCarColor
FN:17,(anonymous_4)
FN:38,getUpdatedCars
FNF:6
FNH:5
FNDA:0,(anonymous_0)
FNDA:3,appendStringToColor
FNDA:13,(anonymous_2)
FNDA:5,updateCarColor
FNDA:11,(anonymous_4)
FNDA:2,getUpdatedCars
DA:3,1
DA:7,1
DA:9,1
DA:10,3
DA:11,13
DA:14,1
DA:16,1
DA:17,5
DA:19,11
DA:20,6
DA:23,5
DA:27,1
DA:38,1
DA:39,2
LF:14
LH:14
BRDA:7,0,0,1
BRDA:7,0,1,0
BRDA:7,1,0,0
BRDA:7,1,1,0
BRDA:11,2,0,12
BRDA:11,2,1,1
BRDA:19,3,0,6
BRDA:19,3,1,5
BRDA:19,4,0,11
BRDA:19,4,1,8
BRF:10
BRH:7
end_of_record
TN:
SF:/Users/juliuskoronci/WebstormProjects/javascript-clean-code/lib/examples/nested-loops/code-lists/car-data.js
FNF:0
FNH:0
DA:1,1
DA:26,1
DA:52,1
DA:68,1
DA:85,1
DA:87,1
DA:98,1
DA:101,1
LF:8
LH:8
BRF:0
BRH:0
end_of_record
TN:
SF:/Users/juliuskoronci/WebstormProjects/javascript-clean-code/lib/examples/nested-loops/utils/car-utils.js
FN:4,(anonymous_0)
FN:4,(anonymous_1)
FN:7,(anonymous_2)
FN:7,(anonymous_3)
FN:28,(anonymous_4)
FNF:5
FNH:5
FNDA:3,(anonymous_0)
FNDA:13,(anonymous_1)
FNDA:5,(anonymous_2)
FNDA:11,(anonymous_3)
FNDA:2,(anonymous_4)
DA:4,13
DA:5,1
DA:7,5
DA:9,11
DA:10,6
DA:13,5
DA:16,1
DA:28,2
LF:8
LH:8
BRDA:4,0,0,12
BRDA:4,0,1,1
BRDA:9,1,0,6
BRDA:9,1,1,5
BRDA:9,2,0,11
BRDA:9,2,1,8
BRF:6
BRH:6
end_of_record
